{"/home/user/manifold/common/src/perps/protected-basis.ts": {"path":"/home/user/manifold/common/src/perps/protected-basis.ts","statementMap":{"0":{"start":{"line":29,"column":0},"end":{"line":29,"column":null}},"1":{"start":{"line":44,"column":37},"end":{"line":46,"column":61}},"2":{"start":{"line":46,"column":21},"end":{"line":46,"column":60}},"3":{"start":{"line":44,"column":13},"end":{"line":44,"column":37}},"4":{"start":{"line":53,"column":13},"end":{"line":53,"column":null}},"5":{"start":{"line":58,"column":13},"end":{"line":58,"column":null}},"6":{"start":{"line":77,"column":33},"end":{"line":85,"column":1}},"7":{"start":{"line":78,"column":14},"end":{"line":78,"column":15}},"8":{"start":{"line":79,"column":2},"end":{"line":80,"column":null}},"9":{"start":{"line":80,"column":4},"end":{"line":80,"column":null}},"10":{"start":{"line":80,"column":32},"end":{"line":80,"column":null}},"11":{"start":{"line":81,"column":2},"end":{"line":84,"column":null}},"12":{"start":{"line":77,"column":13},"end":{"line":77,"column":33}},"13":{"start":{"line":100,"column":34},"end":{"line":104,"column":47}},"14":{"start":{"line":104,"column":5},"end":{"line":104,"column":47}},"15":{"start":{"line":100,"column":13},"end":{"line":100,"column":34}},"16":{"start":{"line":107,"column":33},"end":{"line":114,"column":66}},"17":{"start":{"line":112,"column":2},"end":{"line":114,"column":66}},"18":{"start":{"line":107,"column":13},"end":{"line":107,"column":33}},"19":{"start":{"line":127,"column":18},"end":{"line":141,"column":1}},"20":{"start":{"line":132,"column":2},"end":{"line":132,"column":null}},"21":{"start":{"line":132,"column":21},"end":{"line":132,"column":null}},"22":{"start":{"line":133,"column":2},"end":{"line":136,"column":3}},"23":{"start":{"line":134,"column":17},"end":{"line":134,"column":30}},"24":{"start":{"line":135,"column":4},"end":{"line":135,"column":null}},"25":{"start":{"line":137,"column":20},"end":{"line":137,"column":33}},"26":{"start":{"line":138,"column":2},"end":{"line":139,"column":null}},"27":{"start":{"line":139,"column":4},"end":{"line":139,"column":null}},"28":{"start":{"line":140,"column":2},"end":{"line":140,"column":null}},"29":{"start":{"line":148,"column":20},"end":{"line":162,"column":1}},"30":{"start":{"line":154,"column":18},"end":{"line":154,"column":26}},"31":{"start":{"line":155,"column":2},"end":{"line":160,"column":3}},"32":{"start":{"line":155,"column":15},"end":{"line":155,"column":33}},"33":{"start":{"line":156,"column":15},"end":{"line":156,"column":51}},"34":{"start":{"line":157,"column":4},"end":{"line":157,"column":25}},"35":{"start":{"line":157,"column":17},"end":{"line":157,"column":25}},"36":{"start":{"line":158,"column":4},"end":{"line":158,"column":null}},"37":{"start":{"line":159,"column":4},"end":{"line":159,"column":null}},"38":{"start":{"line":161,"column":2},"end":{"line":161,"column":null}},"39":{"start":{"line":169,"column":13},"end":{"line":169,"column":null}},"40":{"start":{"line":180,"column":4},"end":{"line":180,"column":null}},"41":{"start":{"line":181,"column":4},"end":{"line":181,"column":null}},"42":{"start":{"line":182,"column":4},"end":{"line":182,"column":null}},"43":{"start":{"line":171,"column":0},"end":{"line":171,"column":13}},"44":{"start":{"line":186,"column":13},"end":{"line":191,"column":1}},"45":{"start":{"line":190,"column":2},"end":{"line":190,"column":null}},"46":{"start":{"line":193,"column":28},"end":{"line":202,"column":7}},"47":{"start":{"line":194,"column":2},"end":{"line":202,"column":7}},"48":{"start":{"line":211,"column":38},"end":{"line":215,"column":30}},"49":{"start":{"line":212,"column":2},"end":{"line":215,"column":30}},"50":{"start":{"line":213,"column":19},"end":{"line":213,"column":29}},"51":{"start":{"line":211,"column":13},"end":{"line":211,"column":38}},"52":{"start":{"line":218,"column":32},"end":{"line":221,"column":14}},"53":{"start":{"line":219,"column":2},"end":{"line":221,"column":14}},"54":{"start":{"line":218,"column":13},"end":{"line":218,"column":32}},"55":{"start":{"line":236,"column":37},"end":{"line":262,"column":1}},"56":{"start":{"line":240,"column":19},"end":{"line":240,"column":52}},"57":{"start":{"line":241,"column":23},"end":{"line":241,"column":48}},"58":{"start":{"line":249,"column":17},"end":{"line":249,"column":40}},"59":{"start":{"line":251,"column":4},"end":{"line":254,"column":16}},"60":{"start":{"line":255,"column":2},"end":{"line":261,"column":null}},"61":{"start":{"line":236,"column":13},"end":{"line":236,"column":37}},"62":{"start":{"line":288,"column":37},"end":{"line":333,"column":1}},"63":{"start":{"line":293,"column":15},"end":{"line":293,"column":60}},"64":{"start":{"line":294,"column":22},"end":{"line":294,"column":23}},"65":{"start":{"line":295,"column":18},"end":{"line":295,"column":19}},"66":{"start":{"line":296,"column":18},"end":{"line":296,"column":19}},"67":{"start":{"line":297,"column":25},"end":{"line":297,"column":26}},"68":{"start":{"line":298,"column":20},"end":{"line":298,"column":21}},"69":{"start":{"line":299,"column":21},"end":{"line":299,"column":22}},"70":{"start":{"line":300,"column":22},"end":{"line":300,"column":23}},"71":{"start":{"line":301,"column":26},"end":{"line":301,"column":27}},"72":{"start":{"line":302,"column":21},"end":{"line":302,"column":22}},"73":{"start":{"line":303,"column":2},"end":{"line":318,"column":3}},"74":{"start":{"line":304,"column":4},"end":{"line":304,"column":45}},"75":{"start":{"line":304,"column":37},"end":{"line":304,"column":45}},"76":{"start":{"line":305,"column":19},"end":{"line":305,"column":57}},"77":{"start":{"line":306,"column":4},"end":{"line":306,"column":null}},"78":{"start":{"line":307,"column":4},"end":{"line":307,"column":null}},"79":{"start":{"line":308,"column":4},"end":{"line":308,"column":null}},"80":{"start":{"line":309,"column":4},"end":{"line":309,"column":null}},"81":{"start":{"line":310,"column":4},"end":{"line":310,"column":null}},"82":{"start":{"line":311,"column":4},"end":{"line":311,"column":null}},"83":{"start":{"line":312,"column":4},"end":{"line":312,"column":null}},"84":{"start":{"line":313,"column":20},"end":{"line":313,"column":60}},"85":{"start":{"line":314,"column":4},"end":{"line":317,"column":5}},"86":{"start":{"line":315,"column":6},"end":{"line":315,"column":null}},"87":{"start":{"line":316,"column":6},"end":{"line":316,"column":null}},"88":{"start":{"line":319,"column":2},"end":{"line":332,"column":null}},"89":{"start":{"line":288,"column":13},"end":{"line":288,"column":37}},"90":{"start":{"line":340,"column":41},"end":{"line":346,"column":2}},"91":{"start":{"line":343,"column":30},"end":{"line":346,"column":2}},"92":{"start":{"line":340,"column":13},"end":{"line":340,"column":41}},"93":{"start":{"line":355,"column":39},"end":{"line":361,"column":1}},"94":{"start":{"line":356,"column":18},"end":{"line":359,"column":3}},"95":{"start":{"line":357,"column":23},"end":{"line":357,"column":64}},"96":{"start":{"line":358,"column":4},"end":{"line":358,"column":null}},"97":{"start":{"line":360,"column":2},"end":{"line":360,"column":null}},"98":{"start":{"line":355,"column":13},"end":{"line":355,"column":39}},"99":{"start":{"line":365,"column":43},"end":{"line":372,"column":1}},"100":{"start":{"line":369,"column":2},"end":{"line":369,"column":null}},"101":{"start":{"line":370,"column":2},"end":{"line":371,"column":null}},"102":{"start":{"line":371,"column":4},"end":{"line":371,"column":null}},"103":{"start":{"line":365,"column":13},"end":{"line":365,"column":43}},"104":{"start":{"line":379,"column":40},"end":{"line":424,"column":1}},"105":{"start":{"line":380,"column":2},"end":{"line":380,"column":null}},"106":{"start":{"line":381,"column":2},"end":{"line":383,"column":null}},"107":{"start":{"line":382,"column":4},"end":{"line":382,"column":62}},"108":{"start":{"line":385,"column":19},"end":{"line":385,"column":58}},"109":{"start":{"line":386,"column":2},"end":{"line":412,"column":3}},"110":{"start":{"line":387,"column":16},"end":{"line":387,"column":30}},"111":{"start":{"line":388,"column":4},"end":{"line":396,"column":null}},"112":{"start":{"line":393,"column":6},"end":{"line":396,"column":null}},"113":{"start":{"line":398,"column":21},"end":{"line":398,"column":58}},"114":{"start":{"line":399,"column":22},"end":{"line":399,"column":64}},"115":{"start":{"line":400,"column":4},"end":{"line":400,"column":43}},"116":{"start":{"line":400,"column":35},"end":{"line":400,"column":43}},"117":{"start":{"line":401,"column":4},"end":{"line":411,"column":null}},"118":{"start":{"line":408,"column":6},"end":{"line":411,"column":null}},"119":{"start":{"line":414,"column":18},"end":{"line":414,"column":55}},"120":{"start":{"line":415,"column":2},"end":{"line":423,"column":null}},"121":{"start":{"line":416,"column":4},"end":{"line":423,"column":null}},"122":{"start":{"line":420,"column":6},"end":{"line":423,"column":null}},"123":{"start":{"line":379,"column":13},"end":{"line":379,"column":40}},"124":{"start":{"line":467,"column":35},"end":{"line":551,"column":1}},"125":{"start":{"line":473,"column":2},"end":{"line":474,"column":null}},"126":{"start":{"line":474,"column":4},"end":{"line":474,"column":null}},"127":{"start":{"line":475,"column":2},"end":{"line":476,"column":null}},"128":{"start":{"line":476,"column":4},"end":{"line":476,"column":null}},"129":{"start":{"line":478,"column":21},"end":{"line":484,"column":49}},"130":{"start":{"line":479,"column":19},"end":{"line":479,"column":45}},"131":{"start":{"line":480,"column":24},"end":{"line":483,"column":6}},"132":{"start":{"line":484,"column":28},"end":{"line":484,"column":48}},"133":{"start":{"line":485,"column":20},"end":{"line":485,"column":78}},"134":{"start":{"line":485,"column":50},"end":{"line":485,"column":74}},"135":{"start":{"line":486,"column":2},"end":{"line":487,"column":null}},"136":{"start":{"line":487,"column":4},"end":{"line":487,"column":null}},"137":{"start":{"line":489,"column":17},"end":{"line":489,"column":76}},"138":{"start":{"line":490,"column":55},"end":{"line":490,"column":57}},"139":{"start":{"line":491,"column":18},"end":{"line":491,"column":43}},"140":{"start":{"line":492,"column":18},"end":{"line":492,"column":19}},"141":{"start":{"line":493,"column":2},"end":{"line":520,"column":null}},"142":{"start":{"line":494,"column":4},"end":{"line":494,"column":27}},"143":{"start":{"line":494,"column":21},"end":{"line":494,"column":27}},"144":{"start":{"line":495,"column":19},"end":{"line":495,"column":50}},"145":{"start":{"line":496,"column":18},"end":{"line":498,"column":47}},"146":{"start":{"line":499,"column":18},"end":{"line":499,"column":64}},"147":{"start":{"line":500,"column":4},"end":{"line":501,"column":null}},"148":{"start":{"line":501,"column":6},"end":{"line":501,"column":null}},"149":{"start":{"line":502,"column":4},"end":{"line":502,"column":26}},"150":{"start":{"line":502,"column":20},"end":{"line":502,"column":26}},"151":{"start":{"line":505,"column":30},"end":{"line":507,"column":null}},"152":{"start":{"line":509,"column":4},"end":{"line":509,"column":null}},"153":{"start":{"line":510,"column":4},"end":{"line":510,"column":null}},"154":{"start":{"line":511,"column":4},"end":{"line":519,"column":null}},"155":{"start":{"line":522,"column":2},"end":{"line":528,"column":null}},"156":{"start":{"line":525,"column":4},"end":{"line":528,"column":null}},"157":{"start":{"line":531,"column":4},"end":{"line":538,"column":10}},"158":{"start":{"line":534,"column":24},"end":{"line":534,"column":79}},"159":{"start":{"line":535,"column":10},"end":{"line":537,"column":null}},"160":{"start":{"line":540,"column":2},"end":{"line":550,"column":null}},"161":{"start":{"line":467,"column":13},"end":{"line":467,"column":35}},"162":{"start":{"line":560,"column":38},"end":{"line":613,"column":1}},"163":{"start":{"line":566,"column":21},"end":{"line":566,"column":56}},"164":{"start":{"line":567,"column":17},"end":{"line":567,"column":64}},"165":{"start":{"line":568,"column":19},"end":{"line":568,"column":68}},"166":{"start":{"line":569,"column":18},"end":{"line":569,"column":70}},"167":{"start":{"line":570,"column":33},"end":{"line":570,"column":51}},"168":{"start":{"line":576,"column":16},"end":{"line":579,"column":null}},"169":{"start":{"line":581,"column":20},"end":{"line":584,"column":null}},"170":{"start":{"line":586,"column":2},"end":{"line":593,"column":null}},"171":{"start":{"line":590,"column":4},"end":{"line":593,"column":null}},"172":{"start":{"line":594,"column":16},"end":{"line":597,"column":null}},"173":{"start":{"line":599,"column":2},"end":{"line":603,"column":null}},"174":{"start":{"line":600,"column":4},"end":{"line":603,"column":null}},"175":{"start":{"line":605,"column":4},"end":{"line":607,"column":42}},"176":{"start":{"line":608,"column":2},"end":{"line":612,"column":null}},"177":{"start":{"line":560,"column":13},"end":{"line":560,"column":38}},"178":{"start":{"line":649,"column":42},"end":{"line":807,"column":1}},"179":{"start":{"line":653,"column":20},"end":{"line":653,"column":57}},"180":{"start":{"line":654,"column":32},"end":{"line":654,"column":63}},"181":{"start":{"line":655,"column":19},"end":{"line":655,"column":63}},"182":{"start":{"line":667,"column":18},"end":{"line":670,"column":null}},"183":{"start":{"line":668,"column":4},"end":{"line":670,"column":null}},"184":{"start":{"line":672,"column":20},"end":{"line":684,"column":3}},"185":{"start":{"line":673,"column":16},"end":{"line":673,"column":30}},"186":{"start":{"line":674,"column":4},"end":{"line":674,"column":null}},"187":{"start":{"line":674,"column":47},"end":{"line":674,"column":null}},"188":{"start":{"line":675,"column":21},"end":{"line":675,"column":58}},"189":{"start":{"line":676,"column":22},"end":{"line":676,"column":64}},"190":{"start":{"line":677,"column":4},"end":{"line":678,"column":null}},"191":{"start":{"line":678,"column":6},"end":{"line":678,"column":null}},"192":{"start":{"line":679,"column":4},"end":{"line":679,"column":null}},"193":{"start":{"line":679,"column":36},"end":{"line":679,"column":null}},"194":{"start":{"line":680,"column":14},"end":{"line":680,"column":46}},"195":{"start":{"line":681,"column":4},"end":{"line":682,"column":null}},"196":{"start":{"line":682,"column":6},"end":{"line":682,"column":null}},"197":{"start":{"line":683,"column":4},"end":{"line":683,"column":null}},"198":{"start":{"line":685,"column":24},"end":{"line":685,"column":41}},"199":{"start":{"line":686,"column":25},"end":{"line":686,"column":43}},"200":{"start":{"line":688,"column":49},"end":{"line":688,"column":51}},"201":{"start":{"line":689,"column":35},"end":{"line":689,"column":37}},"202":{"start":{"line":690,"column":28},"end":{"line":690,"column":49}},"203":{"start":{"line":691,"column":15},"end":{"line":733,"column":48}},"204":{"start":{"line":693,"column":6},"end":{"line":693,"column":null}},"205":{"start":{"line":693,"column":30},"end":{"line":693,"column":null}},"206":{"start":{"line":695,"column":8},"end":{"line":695,"column":70}},"207":{"start":{"line":696,"column":6},"end":{"line":696,"column":null}},"208":{"start":{"line":696,"column":23},"end":{"line":696,"column":null}},"209":{"start":{"line":697,"column":21},"end":{"line":697,"column":59}},"210":{"start":{"line":698,"column":6},"end":{"line":698,"column":null}},"211":{"start":{"line":698,"column":34},"end":{"line":698,"column":null}},"212":{"start":{"line":700,"column":6},"end":{"line":706,"column":7}},"213":{"start":{"line":703,"column":8},"end":{"line":703,"column":null}},"214":{"start":{"line":704,"column":8},"end":{"line":704,"column":null}},"215":{"start":{"line":705,"column":8},"end":{"line":705,"column":null}},"216":{"start":{"line":708,"column":19},"end":{"line":708,"column":41}},"217":{"start":{"line":710,"column":8},"end":{"line":711,"column":59}},"218":{"start":{"line":712,"column":23},"end":{"line":712,"column":51}},"219":{"start":{"line":713,"column":35},"end":{"line":724,"column":null}},"220":{"start":{"line":725,"column":6},"end":{"line":729,"column":null}},"221":{"start":{"line":730,"column":6},"end":{"line":730,"column":null}},"222":{"start":{"line":731,"column":6},"end":{"line":731,"column":null}},"223":{"start":{"line":733,"column":38},"end":{"line":733,"column":47}},"224":{"start":{"line":738,"column":21},"end":{"line":763,"column":3}},"225":{"start":{"line":739,"column":17},"end":{"line":741,"column":66}},"226":{"start":{"line":740,"column":21},"end":{"line":740,"column":50}},"227":{"start":{"line":741,"column":22},"end":{"line":741,"column":65}},"228":{"start":{"line":742,"column":18},"end":{"line":742,"column":60}},"229":{"start":{"line":742,"column":42},"end":{"line":742,"column":56}},"230":{"start":{"line":743,"column":18},"end":{"line":743,"column":66}},"231":{"start":{"line":744,"column":4},"end":{"line":748,"column":null}},"232":{"start":{"line":745,"column":6},"end":{"line":748,"column":null}},"233":{"start":{"line":749,"column":22},"end":{"line":755,"column":null}},"234":{"start":{"line":752,"column":13},"end":{"line":752,"column":21}},"235":{"start":{"line":754,"column":8},"end":{"line":754,"column":null}},"236":{"start":{"line":757,"column":4},"end":{"line":761,"column":null}},"237":{"start":{"line":758,"column":6},"end":{"line":761,"column":null}},"238":{"start":{"line":762,"column":4},"end":{"line":762,"column":null}},"239":{"start":{"line":765,"column":41},"end":{"line":779,"column":null}},"240":{"start":{"line":785,"column":16},"end":{"line":785,"column":62}},"241":{"start":{"line":786,"column":2},"end":{"line":805,"column":3}},"242":{"start":{"line":787,"column":19},"end":{"line":787,"column":67}},"243":{"start":{"line":788,"column":4},"end":{"line":788,"column":29}},"244":{"start":{"line":788,"column":21},"end":{"line":788,"column":29}},"245":{"start":{"line":789,"column":21},"end":{"line":789,"column":55}},"246":{"start":{"line":790,"column":4},"end":{"line":804,"column":null}},"247":{"start":{"line":797,"column":6},"end":{"line":804,"column":null}},"248":{"start":{"line":806,"column":2},"end":{"line":806,"column":null}},"249":{"start":{"line":649,"column":13},"end":{"line":649,"column":42}},"250":{"start":{"line":824,"column":50},"end":{"line":849,"column":1}},"251":{"start":{"line":828,"column":2},"end":{"line":828,"column":null}},"252":{"start":{"line":829,"column":32},"end":{"line":832,"column":null}},"253":{"start":{"line":833,"column":2},"end":{"line":835,"column":null}},"254":{"start":{"line":834,"column":4},"end":{"line":834,"column":62}},"255":{"start":{"line":837,"column":18},"end":{"line":837,"column":60}},"256":{"start":{"line":838,"column":2},"end":{"line":843,"column":null}},"257":{"start":{"line":839,"column":4},"end":{"line":843,"column":null}},"258":{"start":{"line":840,"column":6},"end":{"line":843,"column":null}},"259":{"start":{"line":845,"column":22},"end":{"line":845,"column":60}},"260":{"start":{"line":846,"column":14},"end":{"line":846,"column":66}},"261":{"start":{"line":847,"column":2},"end":{"line":847,"column":null}},"262":{"start":{"line":848,"column":2},"end":{"line":848,"column":null}},"263":{"start":{"line":824,"column":13},"end":{"line":824,"column":50}},"264":{"start":{"line":864,"column":41},"end":{"line":892,"column":1}},"265":{"start":{"line":869,"column":2},"end":{"line":870,"column":null}},"266":{"start":{"line":870,"column":4},"end":{"line":870,"column":null}},"267":{"start":{"line":871,"column":2},"end":{"line":872,"column":null}},"268":{"start":{"line":872,"column":4},"end":{"line":872,"column":null}},"269":{"start":{"line":873,"column":32},"end":{"line":876,"column":null}},"270":{"start":{"line":877,"column":2},"end":{"line":877,"column":null}},"271":{"start":{"line":879,"column":17},"end":{"line":879,"column":54}},"272":{"start":{"line":880,"column":2},"end":{"line":880,"column":null}},"273":{"start":{"line":881,"column":2},"end":{"line":883,"column":null}},"274":{"start":{"line":882,"column":4},"end":{"line":882,"column":69}},"275":{"start":{"line":884,"column":20},"end":{"line":884,"column":61}},"276":{"start":{"line":885,"column":2},"end":{"line":889,"column":null}},"277":{"start":{"line":889,"column":4},"end":{"line":889,"column":null}},"278":{"start":{"line":890,"column":2},"end":{"line":890,"column":null}},"279":{"start":{"line":891,"column":2},"end":{"line":891,"column":null}},"280":{"start":{"line":864,"column":13},"end":{"line":864,"column":41}},"281":{"start":{"line":932,"column":42},"end":{"line":1074,"column":1}},"282":{"start":{"line":939,"column":2},"end":{"line":940,"column":null}},"283":{"start":{"line":940,"column":4},"end":{"line":940,"column":null}},"284":{"start":{"line":941,"column":2},"end":{"line":942,"column":null}},"285":{"start":{"line":942,"column":4},"end":{"line":942,"column":null}},"286":{"start":{"line":943,"column":15},"end":{"line":947,"column":null}},"287":{"start":{"line":945,"column":6},"end":{"line":947,"column":16}},"288":{"start":{"line":949,"column":2},"end":{"line":953,"column":null}},"289":{"start":{"line":950,"column":4},"end":{"line":953,"column":null}},"290":{"start":{"line":954,"column":14},"end":{"line":954,"column":36}},"291":{"start":{"line":955,"column":2},"end":{"line":955,"column":null}},"292":{"start":{"line":957,"column":12},"end":{"line":957,"column":20}},"293":{"start":{"line":958,"column":17},"end":{"line":958,"column":23}},"294":{"start":{"line":959,"column":17},"end":{"line":959,"column":50}},"295":{"start":{"line":960,"column":19},"end":{"line":960,"column":33}},"296":{"start":{"line":961,"column":26},"end":{"line":961,"column":47}},"297":{"start":{"line":962,"column":19},"end":{"line":962,"column":54}},"298":{"start":{"line":967,"column":19},"end":{"line":967,"column":79}},"299":{"start":{"line":968,"column":19},"end":{"line":971,"column":null}},"300":{"start":{"line":973,"column":2},"end":{"line":977,"column":null}},"301":{"start":{"line":974,"column":4},"end":{"line":977,"column":null}},"302":{"start":{"line":978,"column":20},"end":{"line":978,"column":33}},"303":{"start":{"line":980,"column":4},"end":{"line":982,"column":45}},"304":{"start":{"line":984,"column":27},"end":{"line":984,"column":72}},"305":{"start":{"line":985,"column":47},"end":{"line":985,"column":51}},"306":{"start":{"line":986,"column":25},"end":{"line":986,"column":26}},"307":{"start":{"line":987,"column":2},"end":{"line":997,"column":3}},"308":{"start":{"line":988,"column":17},"end":{"line":992,"column":null}},"309":{"start":{"line":994,"column":4},"end":{"line":994,"column":null}},"310":{"start":{"line":995,"column":4},"end":{"line":995,"column":null}},"311":{"start":{"line":996,"column":4},"end":{"line":996,"column":null}},"312":{"start":{"line":998,"column":17},"end":{"line":998,"column":45}},"313":{"start":{"line":1000,"column":49},"end":{"line":1022,"column":10}},"314":{"start":{"line":1003,"column":21},"end":{"line":1003,"column":26}},"315":{"start":{"line":1004,"column":21},"end":{"line":1004,"column":36}},"316":{"start":{"line":1005,"column":26},"end":{"line":1005,"column":46}},"317":{"start":{"line":1006,"column":25},"end":{"line":1006,"column":53}},"318":{"start":{"line":1007,"column":8},"end":{"line":1021,"column":null}},"319":{"start":{"line":1028,"column":2},"end":{"line":1043,"column":3}},"320":{"start":{"line":1029,"column":4},"end":{"line":1033,"column":null}},"321":{"start":{"line":1030,"column":6},"end":{"line":1033,"column":null}},"322":{"start":{"line":1034,"column":4},"end":{"line":1042,"column":null}},"323":{"start":{"line":1039,"column":6},"end":{"line":1042,"column":null}},"324":{"start":{"line":1045,"column":20},"end":{"line":1051,"column":48}},"325":{"start":{"line":1047,"column":6},"end":{"line":1049,"column":11}},"326":{"start":{"line":1051,"column":38},"end":{"line":1051,"column":47}},"327":{"start":{"line":1053,"column":2},"end":{"line":1073,"column":null}},"328":{"start":{"line":932,"column":13},"end":{"line":932,"column":42}},"329":{"start":{"line":1104,"column":41},"end":{"line":1192,"column":1}},"330":{"start":{"line":1108,"column":32},"end":{"line":1111,"column":null}},"331":{"start":{"line":1112,"column":2},"end":{"line":1112,"column":null}},"332":{"start":{"line":1113,"column":19},"end":{"line":1113,"column":63}},"333":{"start":{"line":1115,"column":17},"end":{"line":1118,"column":null}},"334":{"start":{"line":1119,"column":18},"end":{"line":1131,"column":null}},"335":{"start":{"line":1121,"column":21},"end":{"line":1121,"column":59}},"336":{"start":{"line":1122,"column":6},"end":{"line":1122,"column":null}},"337":{"start":{"line":1123,"column":6},"end":{"line":1123,"column":null}},"338":{"start":{"line":1124,"column":6},"end":{"line":1130,"column":null}},"339":{"start":{"line":1134,"column":16},"end":{"line":1134,"column":66}},"340":{"start":{"line":1135,"column":20},"end":{"line":1138,"column":null}},"341":{"start":{"line":1140,"column":21},"end":{"line":1143,"column":null}},"342":{"start":{"line":1145,"column":2},"end":{"line":1149,"column":null}},"343":{"start":{"line":1146,"column":4},"end":{"line":1149,"column":null}},"344":{"start":{"line":1153,"column":15},"end":{"line":1161,"column":4}},"345":{"start":{"line":1153,"column":41},"end":{"line":1161,"column":4}},"346":{"start":{"line":1155,"column":6},"end":{"line":1155,"column":70}},"347":{"start":{"line":1157,"column":6},"end":{"line":1158,"column":null}},"348":{"start":{"line":1157,"column":41},"end":{"line":1157,"column":null}},"349":{"start":{"line":1158,"column":11},"end":{"line":1158,"column":null}},"350":{"start":{"line":1159,"column":6},"end":{"line":1159,"column":null}},"351":{"start":{"line":1162,"column":2},"end":{"line":1173,"column":3}},"352":{"start":{"line":1166,"column":28},"end":{"line":1166,"column":38}},"353":{"start":{"line":1167,"column":22},"end":{"line":1167,"column":77}},"354":{"start":{"line":1168,"column":4},"end":{"line":1172,"column":null}},"355":{"start":{"line":1169,"column":6},"end":{"line":1172,"column":null}},"356":{"start":{"line":1174,"column":12},"end":{"line":1174,"column":26}},"357":{"start":{"line":1175,"column":12},"end":{"line":1175,"column":27}},"358":{"start":{"line":1177,"column":19},"end":{"line":1181,"column":3}},"359":{"start":{"line":1178,"column":18},"end":{"line":1178,"column":64}},"360":{"start":{"line":1179,"column":22},"end":{"line":1179,"column":65}},"361":{"start":{"line":1180,"column":4},"end":{"line":1180,"column":null}},"362":{"start":{"line":1182,"column":15},"end":{"line":1182,"column":31}},"363":{"start":{"line":1183,"column":16},"end":{"line":1183,"column":33}},"364":{"start":{"line":1185,"column":2},"end":{"line":1191,"column":null}},"365":{"start":{"line":1104,"column":13},"end":{"line":1104,"column":41}},"366":{"start":{"line":1203,"column":42},"end":{"line":1220,"column":1}},"367":{"start":{"line":1208,"column":14},"end":{"line":1208,"column":55}},"368":{"start":{"line":1209,"column":19},"end":{"line":1212,"column":null}},"369":{"start":{"line":1214,"column":26},"end":{"line":1216,"column":null}},"370":{"start":{"line":1218,"column":14},"end":{"line":1218,"column":46}},"371":{"start":{"line":1219,"column":2},"end":{"line":1219,"column":null}},"372":{"start":{"line":1203,"column":13},"end":{"line":1203,"column":42}}},"fnMap":{"0":{"name":"(anonymous_0)","decl":{"start":{"line":44,"column":37},"end":{"line":44,"column":null}},"loc":{"start":{"line":46,"column":21},"end":{"line":46,"column":60}}},"1":{"name":"(anonymous_1)","decl":{"start":{"line":77,"column":33},"end":{"line":77,"column":34}},"loc":{"start":{"line":77,"column":57},"end":{"line":85,"column":1}}},"2":{"name":"(anonymous_2)","decl":{"start":{"line":100,"column":34},"end":{"line":100,"column":null}},"loc":{"start":{"line":104,"column":5},"end":{"line":104,"column":47}}},"3":{"name":"(anonymous_3)","decl":{"start":{"line":107,"column":33},"end":{"line":107,"column":null}},"loc":{"start":{"line":112,"column":2},"end":{"line":114,"column":66}}},"4":{"name":"(anonymous_4)","decl":{"start":{"line":127,"column":18},"end":{"line":127,"column":null}},"loc":{"start":{"line":131,"column":36},"end":{"line":141,"column":1}}},"5":{"name":"(anonymous_5)","decl":{"start":{"line":148,"column":20},"end":{"line":148,"column":null}},"loc":{"start":{"line":153,"column":4},"end":{"line":162,"column":1}}},"6":{"name":"(anonymous_6)","decl":{"start":{"line":179,"column":2},"end":{"line":179,"column":14}},"loc":{"start":{"line":179,"column":72},"end":{"line":183,"column":3}}},"7":{"name":"(anonymous_7)","decl":{"start":{"line":186,"column":13},"end":{"line":186,"column":null}},"loc":{"start":{"line":189,"column":11},"end":{"line":191,"column":1}}},"8":{"name":"(anonymous_8)","decl":{"start":{"line":193,"column":28},"end":{"line":193,"column":29}},"loc":{"start":{"line":194,"column":2},"end":{"line":202,"column":7}}},"9":{"name":"(anonymous_9)","decl":{"start":{"line":211,"column":38},"end":{"line":211,"column":39}},"loc":{"start":{"line":212,"column":2},"end":{"line":215,"column":30}}},"10":{"name":"(anonymous_10)","decl":{"start":{"line":213,"column":12},"end":{"line":213,"column":13}},"loc":{"start":{"line":213,"column":19},"end":{"line":213,"column":29}}},"11":{"name":"(anonymous_11)","decl":{"start":{"line":218,"column":32},"end":{"line":218,"column":33}},"loc":{"start":{"line":219,"column":2},"end":{"line":221,"column":14}}},"12":{"name":"(anonymous_12)","decl":{"start":{"line":236,"column":37},"end":{"line":236,"column":null}},"loc":{"start":{"line":239,"column":24},"end":{"line":262,"column":1}}},"13":{"name":"(anonymous_13)","decl":{"start":{"line":288,"column":37},"end":{"line":288,"column":null}},"loc":{"start":{"line":292,"column":24},"end":{"line":333,"column":1}}},"14":{"name":"(anonymous_14)","decl":{"start":{"line":340,"column":41},"end":{"line":340,"column":null}},"loc":{"start":{"line":343,"column":30},"end":{"line":346,"column":2}}},"15":{"name":"(anonymous_15)","decl":{"start":{"line":355,"column":39},"end":{"line":355,"column":40}},"loc":{"start":{"line":355,"column":75},"end":{"line":361,"column":1}}},"16":{"name":"(anonymous_16)","decl":{"start":{"line":356,"column":18},"end":{"line":356,"column":19}},"loc":{"start":{"line":356,"column":42},"end":{"line":359,"column":3}}},"17":{"name":"(anonymous_17)","decl":{"start":{"line":365,"column":43},"end":{"line":365,"column":null}},"loc":{"start":{"line":368,"column":4},"end":{"line":372,"column":1}}},"18":{"name":"(anonymous_18)","decl":{"start":{"line":379,"column":40},"end":{"line":379,"column":41}},"loc":{"start":{"line":379,"column":76},"end":{"line":424,"column":1}}},"19":{"name":"(anonymous_19)","decl":{"start":{"line":381,"column":26},"end":{"line":381,"column":27}},"loc":{"start":{"line":382,"column":4},"end":{"line":382,"column":62}}},"20":{"name":"(anonymous_20)","decl":{"start":{"line":467,"column":35},"end":{"line":467,"column":null}},"loc":{"start":{"line":472,"column":59},"end":{"line":551,"column":1}}},"21":{"name":"(anonymous_21)","decl":{"start":{"line":479,"column":12},"end":{"line":479,"column":13}},"loc":{"start":{"line":479,"column":19},"end":{"line":479,"column":45}}},"22":{"name":"(anonymous_22)","decl":{"start":{"line":480,"column":9},"end":{"line":480,"column":10}},"loc":{"start":{"line":480,"column":24},"end":{"line":483,"column":6}}},"23":{"name":"(anonymous_23)","decl":{"start":{"line":484,"column":12},"end":{"line":484,"column":13}},"loc":{"start":{"line":484,"column":28},"end":{"line":484,"column":48}}},"24":{"name":"(anonymous_24)","decl":{"start":{"line":485,"column":38},"end":{"line":485,"column":39}},"loc":{"start":{"line":485,"column":50},"end":{"line":485,"column":74}}},"25":{"name":"(anonymous_25)","decl":{"start":{"line":493,"column":21},"end":{"line":493,"column":22}},"loc":{"start":{"line":493,"column":53},"end":{"line":520,"column":3}}},"26":{"name":"(anonymous_26)","decl":{"start":{"line":533,"column":28},"end":{"line":533,"column":29}},"loc":{"start":{"line":533,"column":41},"end":{"line":538,"column":9}}},"27":{"name":"(anonymous_27)","decl":{"start":{"line":560,"column":38},"end":{"line":560,"column":null}},"loc":{"start":{"line":565,"column":73},"end":{"line":613,"column":1}}},"28":{"name":"(anonymous_28)","decl":{"start":{"line":649,"column":42},"end":{"line":649,"column":null}},"loc":{"start":{"line":652,"column":28},"end":{"line":807,"column":1}}},"29":{"name":"(anonymous_29)","decl":{"start":{"line":667,"column":18},"end":{"line":667,"column":19}},"loc":{"start":{"line":668,"column":4},"end":{"line":670,"column":null}}},"30":{"name":"(anonymous_30)","decl":{"start":{"line":672,"column":20},"end":{"line":672,"column":21}},"loc":{"start":{"line":672,"column":44},"end":{"line":684,"column":3}}},"31":{"name":"(anonymous_31)","decl":{"start":{"line":692,"column":9},"end":{"line":692,"column":10}},"loc":{"start":{"line":692,"column":22},"end":{"line":732,"column":5}}},"32":{"name":"(anonymous_32)","decl":{"start":{"line":733,"column":12},"end":{"line":733,"column":13}},"loc":{"start":{"line":733,"column":38},"end":{"line":733,"column":47}}},"33":{"name":"(anonymous_33)","decl":{"start":{"line":738,"column":21},"end":{"line":738,"column":22}},"loc":{"start":{"line":738,"column":59},"end":{"line":763,"column":3}}},"34":{"name":"(anonymous_34)","decl":{"start":{"line":740,"column":14},"end":{"line":740,"column":15}},"loc":{"start":{"line":740,"column":21},"end":{"line":740,"column":50}}},"35":{"name":"(anonymous_35)","decl":{"start":{"line":741,"column":12},"end":{"line":741,"column":13}},"loc":{"start":{"line":741,"column":22},"end":{"line":741,"column":65}}},"36":{"name":"(anonymous_36)","decl":{"start":{"line":742,"column":30},"end":{"line":742,"column":31}},"loc":{"start":{"line":742,"column":42},"end":{"line":742,"column":56}}},"37":{"name":"(anonymous_37)","decl":{"start":{"line":752,"column":6},"end":{"line":752,"column":7}},"loc":{"start":{"line":752,"column":13},"end":{"line":752,"column":21}}},"38":{"name":"(anonymous_38)","decl":{"start":{"line":753,"column":6},"end":{"line":753,"column":7}},"loc":{"start":{"line":753,"column":16},"end":{"line":755,"column":7}}},"39":{"name":"(anonymous_39)","decl":{"start":{"line":824,"column":50},"end":{"line":824,"column":null}},"loc":{"start":{"line":827,"column":35},"end":{"line":849,"column":1}}},"40":{"name":"(anonymous_40)","decl":{"start":{"line":833,"column":31},"end":{"line":833,"column":32}},"loc":{"start":{"line":834,"column":4},"end":{"line":834,"column":62}}},"41":{"name":"(anonymous_41)","decl":{"start":{"line":864,"column":41},"end":{"line":864,"column":null}},"loc":{"start":{"line":868,"column":32},"end":{"line":892,"column":1}}},"42":{"name":"(anonymous_42)","decl":{"start":{"line":881,"column":27},"end":{"line":881,"column":28}},"loc":{"start":{"line":882,"column":4},"end":{"line":882,"column":69}}},"43":{"name":"(anonymous_43)","decl":{"start":{"line":932,"column":42},"end":{"line":932,"column":null}},"loc":{"start":{"line":938,"column":30},"end":{"line":1074,"column":1}}},"44":{"name":"(anonymous_44)","decl":{"start":{"line":944,"column":4},"end":{"line":944,"column":5}},"loc":{"start":{"line":945,"column":6},"end":{"line":947,"column":16}}},"45":{"name":"(anonymous_45)","decl":{"start":{"line":1002,"column":7},"end":{"line":1002,"column":10}},"loc":{"start":{"line":1002,"column":12},"end":{"line":1022,"column":7}}},"46":{"name":"(anonymous_46)","decl":{"start":{"line":1046,"column":9},"end":{"line":1046,"column":10}},"loc":{"start":{"line":1047,"column":6},"end":{"line":1049,"column":11}}},"47":{"name":"(anonymous_47)","decl":{"start":{"line":1051,"column":12},"end":{"line":1051,"column":13}},"loc":{"start":{"line":1051,"column":38},"end":{"line":1051,"column":47}}},"48":{"name":"(anonymous_48)","decl":{"start":{"line":1104,"column":41},"end":{"line":1104,"column":null}},"loc":{"start":{"line":1107,"column":29},"end":{"line":1192,"column":1}}},"49":{"name":"(anonymous_49)","decl":{"start":{"line":1120,"column":4},"end":{"line":1120,"column":5}},"loc":{"start":{"line":1120,"column":48},"end":{"line":1131,"column":5}}},"50":{"name":"(anonymous_50)","decl":{"start":{"line":1153,"column":15},"end":{"line":1153,"column":16}},"loc":{"start":{"line":1153,"column":41},"end":{"line":1161,"column":4}}},"51":{"name":"(anonymous_51)","decl":{"start":{"line":1154,"column":9},"end":{"line":1154,"column":10}},"loc":{"start":{"line":1155,"column":6},"end":{"line":1155,"column":70}}},"52":{"name":"(anonymous_52)","decl":{"start":{"line":1156,"column":12},"end":{"line":1156,"column":13}},"loc":{"start":{"line":1156,"column":61},"end":{"line":1160,"column":5}}},"53":{"name":"(anonymous_53)","decl":{"start":{"line":1177,"column":19},"end":{"line":1177,"column":20}},"loc":{"start":{"line":1177,"column":43},"end":{"line":1181,"column":3}}},"54":{"name":"(anonymous_54)","decl":{"start":{"line":1203,"column":42},"end":{"line":1203,"column":null}},"loc":{"start":{"line":1207,"column":4},"end":{"line":1220,"column":1}}}},"branchMap":{"0":{"loc":{"start":{"line":46,"column":21},"end":{"line":46,"column":60}},"type":"cond-expr","locations":[{"start":{"line":46,"column":44},"end":{"line":46,"column":51}},{"start":{"line":46,"column":54},"end":{"line":46,"column":60}}]},"1":{"loc":{"start":{"line":80,"column":4},"end":{"line":80,"column":null}},"type":"if","locations":[{"start":{"line":80,"column":4},"end":{"line":80,"column":null}}]},"2":{"loc":{"start":{"line":103,"column":2},"end":{"line":103,"column":11}},"type":"default-arg","locations":[{"start":{"line":103,"column":10},"end":{"line":103,"column":11}}]},"3":{"loc":{"start":{"line":110,"column":2},"end":{"line":110,"column":11}},"type":"default-arg","locations":[{"start":{"line":110,"column":10},"end":{"line":110,"column":11}}]},"4":{"loc":{"start":{"line":112,"column":2},"end":{"line":114,"column":66}},"type":"binary-expr","locations":[{"start":{"line":112,"column":2},"end":{"line":112,"column":24}},{"start":{"line":113,"column":2},"end":{"line":113,"column":28}},{"start":{"line":114,"column":2},"end":{"line":114,"column":66}}]},"5":{"loc":{"start":{"line":132,"column":2},"end":{"line":132,"column":null}},"type":"if","locations":[{"start":{"line":132,"column":2},"end":{"line":132,"column":null}}]},"6":{"loc":{"start":{"line":133,"column":2},"end":{"line":136,"column":3}},"type":"if","locations":[{"start":{"line":133,"column":2},"end":{"line":136,"column":3}}]},"7":{"loc":{"start":{"line":135,"column":19},"end":{"line":135,"column":39}},"type":"cond-expr","locations":[{"start":{"line":135,"column":31},"end":{"line":135,"column":32}},{"start":{"line":135,"column":35},"end":{"line":135,"column":39}}]},"8":{"loc":{"start":{"line":138,"column":2},"end":{"line":139,"column":null}},"type":"if","locations":[{"start":{"line":138,"column":2},"end":{"line":139,"column":null}}]},"9":{"loc":{"start":{"line":155,"column":35},"end":{"line":155,"column":58}},"type":"binary-expr","locations":[{"start":{"line":155,"column":35},"end":{"line":155,"column":41}},{"start":{"line":155,"column":45},"end":{"line":155,"column":58}}]},"10":{"loc":{"start":{"line":157,"column":4},"end":{"line":157,"column":25}},"type":"if","locations":[{"start":{"line":157,"column":4},"end":{"line":157,"column":25}}]},"11":{"loc":{"start":{"line":194,"column":2},"end":{"line":202,"column":7}},"type":"cond-expr","locations":[{"start":{"line":195,"column":6},"end":{"line":195,"column":8}},{"start":{"line":196,"column":6},"end":{"line":202,"column":7}}]},"12":{"loc":{"start":{"line":196,"column":6},"end":{"line":202,"column":7}},"type":"cond-expr","locations":[{"start":{"line":197,"column":6},"end":{"line":197,"column":7}},{"start":{"line":198,"column":6},"end":{"line":202,"column":7}}]},"13":{"loc":{"start":{"line":198,"column":6},"end":{"line":202,"column":7}},"type":"cond-expr","locations":[{"start":{"line":199,"column":6},"end":{"line":199,"column":7}},{"start":{"line":200,"column":6},"end":{"line":202,"column":7}}]},"14":{"loc":{"start":{"line":200,"column":6},"end":{"line":202,"column":7}},"type":"cond-expr","locations":[{"start":{"line":201,"column":6},"end":{"line":201,"column":8}},{"start":{"line":202,"column":6},"end":{"line":202,"column":7}}]},"15":{"loc":{"start":{"line":219,"column":2},"end":{"line":221,"column":14}},"type":"cond-expr","locations":[{"start":{"line":220,"column":6},"end":{"line":220,"column":55}},{"start":{"line":221,"column":6},"end":{"line":221,"column":14}}]},"16":{"loc":{"start":{"line":251,"column":4},"end":{"line":254,"column":16}},"type":"cond-expr","locations":[{"start":{"line":253,"column":8},"end":{"line":253,"column":20}},{"start":{"line":254,"column":8},"end":{"line":254,"column":16}}]},"17":{"loc":{"start":{"line":251,"column":4},"end":{"line":252,"column":75}},"type":"binary-expr","locations":[{"start":{"line":251,"column":4},"end":{"line":251,"column":14}},{"start":{"line":252,"column":4},"end":{"line":252,"column":75}}]},"18":{"loc":{"start":{"line":293,"column":15},"end":{"line":293,"column":60}},"type":"cond-expr","locations":[{"start":{"line":293,"column":33},"end":{"line":293,"column":45}},{"start":{"line":293,"column":48},"end":{"line":293,"column":60}}]},"19":{"loc":{"start":{"line":304,"column":4},"end":{"line":304,"column":45}},"type":"if","locations":[{"start":{"line":304,"column":4},"end":{"line":304,"column":45}}]},"20":{"loc":{"start":{"line":314,"column":4},"end":{"line":317,"column":5}},"type":"if","locations":[{"start":{"line":314,"column":4},"end":{"line":317,"column":5}}]},"21":{"loc":{"start":{"line":367,"column":2},"end":{"line":367,"column":20}},"type":"default-arg","locations":[{"start":{"line":367,"column":10},"end":{"line":367,"column":20}}]},"22":{"loc":{"start":{"line":370,"column":2},"end":{"line":371,"column":null}},"type":"if","locations":[{"start":{"line":370,"column":2},"end":{"line":371,"column":null}}]},"23":{"loc":{"start":{"line":388,"column":4},"end":{"line":396,"column":null}},"type":"if","locations":[{"start":{"line":388,"column":4},"end":{"line":396,"column":null}}]},"24":{"loc":{"start":{"line":400,"column":4},"end":{"line":400,"column":43}},"type":"if","locations":[{"start":{"line":400,"column":4},"end":{"line":400,"column":43}}]},"25":{"loc":{"start":{"line":401,"column":4},"end":{"line":411,"column":null}},"type":"if","locations":[{"start":{"line":401,"column":4},"end":{"line":411,"column":null}}]},"26":{"loc":{"start":{"line":416,"column":4},"end":{"line":423,"column":null}},"type":"if","locations":[{"start":{"line":416,"column":4},"end":{"line":423,"column":null}}]},"27":{"loc":{"start":{"line":473,"column":2},"end":{"line":474,"column":null}},"type":"if","locations":[{"start":{"line":473,"column":2},"end":{"line":474,"column":null}}]},"28":{"loc":{"start":{"line":473,"column":6},"end":{"line":473,"column":42}},"type":"binary-expr","locations":[{"start":{"line":473,"column":6},"end":{"line":473,"column":29}},{"start":{"line":473,"column":33},"end":{"line":473,"column":42}}]},"29":{"loc":{"start":{"line":475,"column":2},"end":{"line":476,"column":null}},"type":"if","locations":[{"start":{"line":475,"column":2},"end":{"line":476,"column":null}}]},"30":{"loc":{"start":{"line":475,"column":6},"end":{"line":475,"column":43}},"type":"binary-expr","locations":[{"start":{"line":475,"column":6},"end":{"line":475,"column":29}},{"start":{"line":475,"column":33},"end":{"line":475,"column":43}}]},"31":{"loc":{"start":{"line":486,"column":2},"end":{"line":487,"column":null}},"type":"if","locations":[{"start":{"line":486,"column":2},"end":{"line":487,"column":null}}]},"32":{"loc":{"start":{"line":489,"column":17},"end":{"line":489,"column":76}},"type":"cond-expr","locations":[{"start":{"line":489,"column":46},"end":{"line":489,"column":72}},{"start":{"line":489,"column":75},"end":{"line":489,"column":76}}]},"33":{"loc":{"start":{"line":489,"column":17},"end":{"line":489,"column":43}},"type":"binary-expr","locations":[{"start":{"line":489,"column":17},"end":{"line":489,"column":30}},{"start":{"line":489,"column":34},"end":{"line":489,"column":43}}]},"34":{"loc":{"start":{"line":494,"column":4},"end":{"line":494,"column":27}},"type":"if","locations":[{"start":{"line":494,"column":4},"end":{"line":494,"column":27}}]},"35":{"loc":{"start":{"line":496,"column":18},"end":{"line":498,"column":47}},"type":"cond-expr","locations":[{"start":{"line":497,"column":8},"end":{"line":497,"column":26}},{"start":{"line":498,"column":8},"end":{"line":498,"column":47}}]},"36":{"loc":{"start":{"line":500,"column":4},"end":{"line":501,"column":null}},"type":"if","locations":[{"start":{"line":500,"column":4},"end":{"line":501,"column":null}}]},"37":{"loc":{"start":{"line":502,"column":4},"end":{"line":502,"column":26}},"type":"if","locations":[{"start":{"line":502,"column":4},"end":{"line":502,"column":26}}]},"38":{"loc":{"start":{"line":522,"column":2},"end":{"line":528,"column":null}},"type":"if","locations":[{"start":{"line":522,"column":2},"end":{"line":528,"column":null}}]},"39":{"loc":{"start":{"line":531,"column":4},"end":{"line":538,"column":10}},"type":"cond-expr","locations":[{"start":{"line":532,"column":8},"end":{"line":532,"column":23}},{"start":{"line":533,"column":8},"end":{"line":538,"column":10}}]},"40":{"loc":{"start":{"line":535,"column":17},"end":{"line":537,"column":50}},"type":"cond-expr","locations":[{"start":{"line":536,"column":14},"end":{"line":536,"column":22}},{"start":{"line":537,"column":14},"end":{"line":537,"column":50}}]},"41":{"loc":{"start":{"line":586,"column":2},"end":{"line":593,"column":null}},"type":"if","locations":[{"start":{"line":586,"column":2},"end":{"line":593,"column":null}}]},"42":{"loc":{"start":{"line":587,"column":4},"end":{"line":588,"column":58}},"type":"binary-expr","locations":[{"start":{"line":587,"column":4},"end":{"line":587,"column":40}},{"start":{"line":588,"column":4},"end":{"line":588,"column":58}}]},"43":{"loc":{"start":{"line":595,"column":4},"end":{"line":595,"column":55}},"type":"cond-expr","locations":[{"start":{"line":595,"column":28},"end":{"line":595,"column":40}},{"start":{"line":595,"column":43},"end":{"line":595,"column":55}}]},"44":{"loc":{"start":{"line":599,"column":2},"end":{"line":603,"column":null}},"type":"if","locations":[{"start":{"line":599,"column":2},"end":{"line":603,"column":null}}]},"45":{"loc":{"start":{"line":605,"column":4},"end":{"line":607,"column":42}},"type":"cond-expr","locations":[{"start":{"line":606,"column":8},"end":{"line":606,"column":42}},{"start":{"line":607,"column":8},"end":{"line":607,"column":42}}]},"46":{"loc":{"start":{"line":674,"column":4},"end":{"line":674,"column":null}},"type":"if","locations":[{"start":{"line":674,"column":4},"end":{"line":674,"column":null}}]},"47":{"loc":{"start":{"line":677,"column":4},"end":{"line":678,"column":null}},"type":"if","locations":[{"start":{"line":677,"column":4},"end":{"line":678,"column":null}}]},"48":{"loc":{"start":{"line":679,"column":4},"end":{"line":679,"column":null}},"type":"if","locations":[{"start":{"line":679,"column":4},"end":{"line":679,"column":null}}]},"49":{"loc":{"start":{"line":681,"column":4},"end":{"line":682,"column":null}},"type":"if","locations":[{"start":{"line":681,"column":4},"end":{"line":682,"column":null}}]},"50":{"loc":{"start":{"line":683,"column":11},"end":{"line":683,"column":37}},"type":"cond-expr","locations":[{"start":{"line":683,"column":19},"end":{"line":683,"column":33}},{"start":{"line":683,"column":36},"end":{"line":683,"column":37}}]},"51":{"loc":{"start":{"line":693,"column":6},"end":{"line":693,"column":null}},"type":"if","locations":[{"start":{"line":693,"column":6},"end":{"line":693,"column":null}}]},"52":{"loc":{"start":{"line":695,"column":8},"end":{"line":695,"column":70}},"type":"cond-expr","locations":[{"start":{"line":695,"column":40},"end":{"line":695,"column":53}},{"start":{"line":695,"column":56},"end":{"line":695,"column":70}}]},"53":{"loc":{"start":{"line":696,"column":6},"end":{"line":696,"column":null}},"type":"if","locations":[{"start":{"line":696,"column":6},"end":{"line":696,"column":null}}]},"54":{"loc":{"start":{"line":698,"column":6},"end":{"line":698,"column":null}},"type":"if","locations":[{"start":{"line":698,"column":6},"end":{"line":698,"column":null}}]},"55":{"loc":{"start":{"line":700,"column":6},"end":{"line":706,"column":7}},"type":"if","locations":[{"start":{"line":700,"column":6},"end":{"line":706,"column":7}}]},"56":{"loc":{"start":{"line":744,"column":4},"end":{"line":748,"column":null}},"type":"if","locations":[{"start":{"line":744,"column":4},"end":{"line":748,"column":null}}]},"57":{"loc":{"start":{"line":757,"column":4},"end":{"line":761,"column":null}},"type":"if","locations":[{"start":{"line":757,"column":4},"end":{"line":761,"column":null}}]},"58":{"loc":{"start":{"line":787,"column":19},"end":{"line":787,"column":67}},"type":"cond-expr","locations":[{"start":{"line":787,"column":37},"end":{"line":787,"column":50}},{"start":{"line":787,"column":53},"end":{"line":787,"column":67}}]},"59":{"loc":{"start":{"line":788,"column":4},"end":{"line":788,"column":29}},"type":"if","locations":[{"start":{"line":788,"column":4},"end":{"line":788,"column":29}}]},"60":{"loc":{"start":{"line":790,"column":4},"end":{"line":804,"column":null}},"type":"if","locations":[{"start":{"line":790,"column":4},"end":{"line":804,"column":null}}]},"61":{"loc":{"start":{"line":839,"column":4},"end":{"line":843,"column":null}},"type":"if","locations":[{"start":{"line":839,"column":4},"end":{"line":843,"column":null}}]},"62":{"loc":{"start":{"line":869,"column":2},"end":{"line":870,"column":null}},"type":"if","locations":[{"start":{"line":869,"column":2},"end":{"line":870,"column":null}}]},"63":{"loc":{"start":{"line":871,"column":2},"end":{"line":872,"column":null}},"type":"if","locations":[{"start":{"line":871,"column":2},"end":{"line":872,"column":null}}]},"64":{"loc":{"start":{"line":885,"column":2},"end":{"line":889,"column":null}},"type":"if","locations":[{"start":{"line":885,"column":2},"end":{"line":889,"column":null}}]},"65":{"loc":{"start":{"line":886,"column":4},"end":{"line":887,"column":46}},"type":"binary-expr","locations":[{"start":{"line":886,"column":4},"end":{"line":886,"column":45}},{"start":{"line":887,"column":4},"end":{"line":887,"column":46}}]},"66":{"loc":{"start":{"line":936,"column":2},"end":{"line":936,"column":14}},"type":"default-arg","locations":[{"start":{"line":936,"column":13},"end":{"line":936,"column":14}}]},"67":{"loc":{"start":{"line":939,"column":2},"end":{"line":940,"column":null}},"type":"if","locations":[{"start":{"line":939,"column":2},"end":{"line":940,"column":null}}]},"68":{"loc":{"start":{"line":939,"column":6},"end":{"line":939,"column":65}},"type":"binary-expr","locations":[{"start":{"line":939,"column":6},"end":{"line":939,"column":32}},{"start":{"line":939,"column":36},"end":{"line":939,"column":49}},{"start":{"line":939,"column":53},"end":{"line":939,"column":65}}]},"69":{"loc":{"start":{"line":941,"column":2},"end":{"line":942,"column":null}},"type":"if","locations":[{"start":{"line":941,"column":2},"end":{"line":942,"column":null}}]},"70":{"loc":{"start":{"line":941,"column":6},"end":{"line":941,"column":43}},"type":"binary-expr","locations":[{"start":{"line":941,"column":6},"end":{"line":941,"column":29}},{"start":{"line":941,"column":33},"end":{"line":941,"column":43}}]},"71":{"loc":{"start":{"line":945,"column":6},"end":{"line":947,"column":16}},"type":"binary-expr","locations":[{"start":{"line":945,"column":6},"end":{"line":945,"column":34}},{"start":{"line":946,"column":6},"end":{"line":946,"column":40}},{"start":{"line":947,"column":6},"end":{"line":947,"column":16}}]},"72":{"loc":{"start":{"line":949,"column":2},"end":{"line":953,"column":null}},"type":"if","locations":[{"start":{"line":949,"column":2},"end":{"line":953,"column":null}}]},"73":{"loc":{"start":{"line":969,"column":4},"end":{"line":969,"column":58}},"type":"cond-expr","locations":[{"start":{"line":969,"column":31},"end":{"line":969,"column":43}},{"start":{"line":969,"column":46},"end":{"line":969,"column":58}}]},"74":{"loc":{"start":{"line":973,"column":2},"end":{"line":977,"column":null}},"type":"if","locations":[{"start":{"line":973,"column":2},"end":{"line":977,"column":null}}]},"75":{"loc":{"start":{"line":980,"column":4},"end":{"line":982,"column":45}},"type":"cond-expr","locations":[{"start":{"line":981,"column":8},"end":{"line":981,"column":45}},{"start":{"line":982,"column":8},"end":{"line":982,"column":45}}]},"76":{"loc":{"start":{"line":987,"column":2},"end":{"line":997,"column":3}},"type":"if","locations":[{"start":{"line":987,"column":2},"end":{"line":997,"column":3}}]},"77":{"loc":{"start":{"line":1000,"column":49},"end":{"line":1022,"column":10}},"type":"cond-expr","locations":[{"start":{"line":1001,"column":6},"end":{"line":1001,"column":10}},{"start":{"line":1002,"column":6},"end":{"line":1022,"column":10}}]},"78":{"loc":{"start":{"line":1013,"column":37},"end":{"line":1013,"column":63}},"type":"binary-expr","locations":[{"start":{"line":1013,"column":37},"end":{"line":1013,"column":58}},{"start":{"line":1013,"column":62},"end":{"line":1013,"column":63}}]},"79":{"loc":{"start":{"line":1020,"column":23},"end":{"line":1020,"column":45}},"type":"binary-expr","locations":[{"start":{"line":1020,"column":23},"end":{"line":1020,"column":26}},{"start":{"line":1020,"column":30},"end":{"line":1020,"column":45}}]},"80":{"loc":{"start":{"line":1028,"column":2},"end":{"line":1043,"column":3}},"type":"if","locations":[{"start":{"line":1028,"column":2},"end":{"line":1043,"column":3}}]},"81":{"loc":{"start":{"line":1029,"column":4},"end":{"line":1033,"column":null}},"type":"if","locations":[{"start":{"line":1029,"column":4},"end":{"line":1033,"column":null}}]},"82":{"loc":{"start":{"line":1034,"column":4},"end":{"line":1042,"column":null}},"type":"if","locations":[{"start":{"line":1034,"column":4},"end":{"line":1042,"column":null}}]},"83":{"loc":{"start":{"line":1035,"column":6},"end":{"line":1037,"column":62}},"type":"binary-expr","locations":[{"start":{"line":1035,"column":6},"end":{"line":1035,"column":42}},{"start":{"line":1036,"column":6},"end":{"line":1036,"column":52}},{"start":{"line":1037,"column":6},"end":{"line":1037,"column":62}}]},"84":{"loc":{"start":{"line":1047,"column":6},"end":{"line":1049,"column":11}},"type":"cond-expr","locations":[{"start":{"line":1048,"column":10},"end":{"line":1048,"column":27}},{"start":{"line":1049,"column":10},"end":{"line":1049,"column":11}}]},"85":{"loc":{"start":{"line":1047,"column":6},"end":{"line":1047,"column":62}},"type":"binary-expr","locations":[{"start":{"line":1047,"column":6},"end":{"line":1047,"column":29}},{"start":{"line":1047,"column":33},"end":{"line":1047,"column":62}}]},"86":{"loc":{"start":{"line":1060,"column":16},"end":{"line":1060,"column":48}},"type":"cond-expr","locations":[{"start":{"line":1060,"column":25},"end":{"line":1060,"column":33}},{"start":{"line":1060,"column":36},"end":{"line":1060,"column":48}}]},"87":{"loc":{"start":{"line":1061,"column":21},"end":{"line":1061,"column":63}},"type":"cond-expr","locations":[{"start":{"line":1061,"column":30},"end":{"line":1061,"column":43}},{"start":{"line":1061,"column":46},"end":{"line":1061,"column":63}}]},"88":{"loc":{"start":{"line":1062,"column":24},"end":{"line":1062,"column":78}},"type":"cond-expr","locations":[{"start":{"line":1062,"column":33},"end":{"line":1062,"column":52}},{"start":{"line":1062,"column":55},"end":{"line":1062,"column":78}}]},"89":{"loc":{"start":{"line":1063,"column":29},"end":{"line":1065,"column":33}},"type":"cond-expr","locations":[{"start":{"line":1064,"column":8},"end":{"line":1064,"column":29}},{"start":{"line":1065,"column":8},"end":{"line":1065,"column":33}}]},"90":{"loc":{"start":{"line":1066,"column":29},"end":{"line":1068,"column":40}},"type":"cond-expr","locations":[{"start":{"line":1067,"column":8},"end":{"line":1067,"column":34}},{"start":{"line":1068,"column":8},"end":{"line":1068,"column":40}}]},"91":{"loc":{"start":{"line":1067,"column":8},"end":{"line":1067,"column":34}},"type":"binary-expr","locations":[{"start":{"line":1067,"column":8},"end":{"line":1067,"column":29}},{"start":{"line":1067,"column":33},"end":{"line":1067,"column":34}}]},"92":{"loc":{"start":{"line":1068,"column":13},"end":{"line":1068,"column":39}},"type":"binary-expr","locations":[{"start":{"line":1068,"column":13},"end":{"line":1068,"column":34}},{"start":{"line":1068,"column":38},"end":{"line":1068,"column":39}}]},"93":{"loc":{"start":{"line":1145,"column":2},"end":{"line":1149,"column":null}},"type":"if","locations":[{"start":{"line":1145,"column":2},"end":{"line":1149,"column":null}}]},"94":{"loc":{"start":{"line":1145,"column":6},"end":{"line":1145,"column":47}},"type":"binary-expr","locations":[{"start":{"line":1145,"column":6},"end":{"line":1145,"column":24}},{"start":{"line":1145,"column":28},"end":{"line":1145,"column":47}}]},"95":{"loc":{"start":{"line":1155,"column":6},"end":{"line":1155,"column":70}},"type":"cond-expr","locations":[{"start":{"line":1155,"column":38},"end":{"line":1155,"column":49}},{"start":{"line":1155,"column":52},"end":{"line":1155,"column":70}}]},"96":{"loc":{"start":{"line":1157,"column":6},"end":{"line":1158,"column":null}},"type":"if","locations":[{"start":{"line":1157,"column":6},"end":{"line":1158,"column":null}},{"start":{"line":1158,"column":11},"end":{"line":1158,"column":null}}]},"97":{"loc":{"start":{"line":1168,"column":4},"end":{"line":1172,"column":null}},"type":"if","locations":[{"start":{"line":1168,"column":4},"end":{"line":1172,"column":null}}]},"98":{"loc":{"start":{"line":1219,"column":9},"end":{"line":1219,"column":52}},"type":"cond-expr","locations":[{"start":{"line":1219,"column":32},"end":{"line":1219,"column":48}},{"start":{"line":1219,"column":51},"end":{"line":1219,"column":52}}]}},"s":{"0":4,"1":4,"2":6122,"3":4,"4":4,"5":4,"6":4,"7":39979,"8":39979,"9":98217,"10":98217,"11":39979,"12":4,"13":4,"14":2511,"15":4,"16":4,"17":1946,"18":4,"19":4,"20":2618,"21":848,"22":1770,"23":1764,"24":1764,"25":6,"26":6,"27":6,"28":0,"29":4,"30":1230,"31":1230,"32":1230,"33":5,"34":5,"35":1,"36":4,"37":4,"38":1230,"39":4,"40":462,"41":462,"42":462,"43":4,"44":4,"45":461,"46":4,"47":25912,"48":4,"49":13290,"50":38157,"51":4,"52":4,"53":3748,"54":4,"55":4,"56":22832,"57":22832,"58":22832,"59":22832,"60":22832,"61":4,"62":4,"63":11713,"64":11713,"65":11713,"66":11713,"67":11713,"68":11713,"69":11713,"70":11713,"71":11713,"72":11713,"73":11713,"74":32991,"75":15952,"76":17039,"77":17039,"78":17039,"79":17039,"80":17039,"81":17039,"82":17039,"83":17039,"84":17039,"85":17039,"86":8022,"87":8022,"88":11713,"89":4,"90":4,"91":2887,"92":4,"93":4,"94":1644,"95":3288,"96":3288,"97":1644,"98":4,"99":4,"100":7260,"101":7260,"102":1,"103":4,"104":4,"105":1865,"106":1864,"107":5522,"108":1863,"109":1863,"110":3453,"111":3453,"112":2,"113":3451,"114":3451,"115":3451,"116":1671,"117":1780,"118":437,"119":1424,"120":1424,"121":2848,"122":0,"123":4,"124":4,"125":1060,"126":2,"127":1058,"128":1,"129":1057,"130":3614,"131":2721,"132":2721,"133":1057,"134":2496,"135":1057,"136":0,"137":1057,"138":1057,"139":1057,"140":1057,"141":1057,"142":2496,"143":0,"144":2496,"145":2496,"146":2496,"147":2496,"148":0,"149":2496,"150":0,"151":2496,"152":2496,"153":2496,"154":2496,"155":1057,"156":0,"157":1057,"158":3020,"159":3020,"160":1057,"161":4,"162":4,"163":555,"164":555,"165":555,"166":555,"167":555,"168":555,"169":555,"170":555,"171":2,"172":553,"173":553,"174":0,"175":553,"176":553,"177":4,"178":4,"179":316,"180":316,"181":316,"182":316,"183":943,"184":316,"185":632,"186":632,"187":321,"188":311,"189":311,"190":311,"191":0,"192":311,"193":7,"194":304,"195":304,"196":0,"197":304,"198":316,"199":316,"200":316,"201":316,"202":316,"203":316,"204":910,"205":1,"206":909,"207":909,"208":601,"209":308,"210":308,"211":5,"212":303,"213":7,"214":7,"215":7,"216":296,"217":296,"218":296,"219":296,"220":296,"221":296,"222":296,"223":910,"224":316,"225":632,"226":14,"227":0,"228":632,"229":7,"230":632,"231":632,"232":0,"233":632,"234":0,"235":0,"236":632,"237":0,"238":632,"239":316,"240":316,"241":316,"242":632,"243":632,"244":471,"245":161,"246":161,"247":0,"248":316,"249":4,"250":4,"251":223,"252":219,"253":219,"254":650,"255":219,"256":219,"257":436,"258":2,"259":217,"260":217,"261":217,"262":217,"263":4,"264":4,"265":93,"266":1,"267":92,"268":2,"269":90,"270":90,"271":90,"272":90,"273":90,"274":253,"275":90,"276":90,"277":0,"278":90,"279":90,"280":4,"281":4,"282":842,"283":5,"284":837,"285":1,"286":836,"287":852,"288":836,"289":1,"290":835,"291":835,"292":835,"293":835,"294":835,"295":835,"296":835,"297":835,"298":835,"299":835,"300":835,"301":0,"302":835,"303":835,"304":835,"305":835,"306":835,"307":835,"308":553,"309":552,"310":552,"311":552,"312":834,"313":834,"314":8,"315":8,"316":8,"317":8,"318":8,"319":834,"320":8,"321":4,"322":4,"323":1,"324":829,"325":2079,"326":2079,"327":829,"328":4,"329":4,"330":300,"331":300,"332":299,"333":299,"334":299,"335":922,"336":922,"337":922,"338":922,"339":299,"340":299,"341":299,"342":299,"343":0,"344":299,"345":598,"346":5,"347":4,"348":3,"349":1,"350":4,"351":299,"352":598,"353":598,"354":598,"355":0,"356":299,"357":299,"358":299,"359":598,"360":598,"361":598,"362":299,"363":299,"364":299,"365":4,"366":4,"367":2,"368":2,"369":2,"370":2,"371":2,"372":4},"f":{"0":6122,"1":39979,"2":2511,"3":1946,"4":2618,"5":1230,"6":462,"7":461,"8":25912,"9":13290,"10":38157,"11":3748,"12":22832,"13":11713,"14":2887,"15":1644,"16":3288,"17":7260,"18":1865,"19":5522,"20":1060,"21":3614,"22":2721,"23":2721,"24":2496,"25":2496,"26":3020,"27":555,"28":316,"29":943,"30":632,"31":910,"32":910,"33":632,"34":14,"35":0,"36":7,"37":0,"38":0,"39":223,"40":650,"41":93,"42":253,"43":842,"44":852,"45":8,"46":2079,"47":2079,"48":300,"49":922,"50":598,"51":5,"52":4,"53":598,"54":2},"b":{"0":[3639,2483],"1":[98217],"2":[3],"3":[5],"4":[1946,1945,1944],"5":[848],"6":[1764],"7":[153,1611],"8":[6],"9":[1235,608],"10":[1],"11":[1331,24581],"12":[24581,0],"13":[0,0],"14":[0,0],"15":[120,3628],"16":[20,22812],"17":[22832,11206],"18":[6054,5659],"19":[15952],"20":[8022],"21":[0],"22":[1],"23":[2],"24":[1671],"25":[437],"26":[0],"27":[2],"28":[1060,1059],"29":[1],"30":[1058,1058],"31":[0],"32":[744,313],"33":[1057,744],"34":[0],"35":[744,1752],"36":[0],"37":[0],"38":[0],"39":[313,744],"40":[524,2496],"41":[2],"42":[555,555],"43":[136,417],"44":[0],"45":[136,417],"46":[321],"47":[0],"48":[7],"49":[0],"50":[154,150],"51":[1],"52":[552,357],"53":[601],"54":[5],"55":[7],"56":[0],"57":[0],"58":[316,316],"59":[471],"60":[0],"61":[2],"62":[1],"63":[2],"64":[0],"65":[90,90],"66":[823],"67":[5],"68":[842,840,838],"69":[1],"70":[837,836],"71":[852,835,835],"72":[1],"73":[565,270],"74":[0],"75":[565,270],"76":[553],"77":[826,8],"78":[8,0],"79":[8,7],"80":[8],"81":[4],"82":[1],"83":[4,4,4],"84":[829,1250],"85":[2079,829],"86":[826,3],"87":[826,3],"88":[826,3],"89":[826,3],"90":[826,3],"91":[826,0],"92":[3,0],"93":[0],"94":[299,299],"95":[3,2],"96":[3,1],"97":[0],"98":[2,0]}}
}
